{"ts":"2026-03-31T17:02:39+00:00","pk":{"link_id":false,"link_type":"1","language_code":"de","store_id":1},"diff":{"link_id":{"old":"","new":false},"url_md5":{"old":null,"new":"5e8a342b4625dd114a79509b1eb0af81"},"url_text":{"old":null,"new":"de\/e-stutzen-gani-nw100-verzinkt"}}}
{"ts":"2026-03-31T17:02:39+00:00","pk":{"link_id":false,"link_type":"1","language_code":"de","store_id":1},"diff":{"link_id":{"old":"","new":false},"url_md5":{"old":null,"new":"c397a504a25e21c4d1c3a5cd4b6fcc65"},"url_text":{"old":null,"new":"de\/e-stutzen-gani-nw120-verzinkt"}}}
{"ts":"2026-03-31T17:02:39+00:00","pk":{"link_id":false,"link_type":"1","language_code":"de","store_id":1},"diff":{"link_id":{"old":"","new":false},"url_md5":{"old":null,"new":"a60a9d7a03715d0a45474757689ba55e"},"url_text":{"old":null,"new":"de\/e-stutzen-gani-nw125-verzinkt"}}}
{"ts":"2026-03-31T17:02:39+00:00","pk":{"link_id":false,"link_type":"1","language_code":"de","store_id":1},"diff":{"link_id":{"old":"","new":false},"url_md5":{"old":null,"new":"b30d4928969d50e9769b019be79eea65"},"url_text":{"old":null,"new":"de\/e-stutzen-gani-nw140-verzinkt"}}}
{"ts":"2026-03-31T17:02:39+00:00","pk":{"link_id":false,"link_type":"1","language_code":"de","store_id":1},"diff":{"link_id":{"old":"","new":false},"url_md5":{"old":null,"new":"0d5795e1e52574c54fa6dbe37830d087"},"url_text":{"old":null,"new":"de\/e-stutzen-gani-nw150-verzinkt"}}}
{"ts":"2026-03-31T17:02:39+00:00","pk":{"link_id":false,"link_type":"1","language_code":"de","store_id":1},"diff":{"link_id":{"old":"","new":false},"url_md5":{"old":null,"new":"9d6551686b042f0f83970b6239fbb39f"},"url_text":{"old":null,"new":"de\/e-stutzen-gani-nw160-verzinkt"}}}
{"ts":"2026-03-31T17:02:39+00:00","pk":{"link_id":false,"link_type":"1","language_code":"de","store_id":1},"diff":{"link_id":{"old":"","new":false},"url_md5":{"old":null,"new":"759223e53cbbda21db6769797e6157ca"},"url_text":{"old":null,"new":"de\/e-stutzen-gani-nw180-verzinkt"}}}
{"ts":"2026-03-31T17:02:39+00:00","pk":{"link_id":false,"link_type":"1","language_code":"de","store_id":1},"diff":{"link_id":{"old":"","new":false},"url_md5":{"old":null,"new":"c64cc1c0f54d6c00ba704575c2a36caf"},"url_text":{"old":null,"new":"de\/e-stutzen-gani-nw200-verzinkt"}}}
{"ts":"2026-03-31T17:02:39+00:00","pk":{"link_id":false,"link_type":"1","language_code":"de","store_id":1},"diff":{"link_id":{"old":"","new":false},"url_md5":{"old":null,"new":"3348486c0cab6d9d899810dfcf24162e"},"url_text":{"old":null,"new":"de\/e-stutzen-gani-nw220-verzinkt"}}}
{"ts":"2026-03-31T17:02:39+00:00","pk":{"link_id":false,"link_type":"1","language_code":"de","store_id":1},"diff":{"link_id":{"old":"","new":false},"url_md5":{"old":null,"new":"b2c107ac7376484f9cbe09b93eaa6036"},"url_text":{"old":null,"new":"de\/e-stutzen-gani-nw225-verzinkt"}}}
{"ts":"2026-03-31T17:02:39+00:00","pk":{"link_id":false,"link_type":"1","language_code":"de","store_id":1},"diff":{"link_id":{"old":"","new":false},"url_md5":{"old":null,"new":"5d269a40a3a09778bcee7d87bd0d4e86"},"url_text":{"old":null,"new":"de\/e-stutzen-gani-nw250-verzinkt"}}}
{"ts":"2026-03-31T17:02:39+00:00","pk":{"link_id":false,"link_type":"1","language_code":"de","store_id":1},"diff":{"link_id":{"old":"","new":false},"url_md5":{"old":null,"new":"ec4106818cf4f476518a724eb49e5131"},"url_text":{"old":null,"new":"de\/e-stutzen-gani-nw280-verzinkt"}}}
{"ts":"2026-03-31T17:02:39+00:00","pk":{"link_id":false,"link_type":"1","language_code":"de","store_id":1},"diff":{"link_id":{"old":"","new":false},"url_md5":{"old":null,"new":"bcd6aa2b3000789bf54a18d3f3e35009"},"url_text":{"old":null,"new":"de\/e-stutzen-gani-nw300-verzinkt"}}}
{"ts":"2026-03-31T17:02:39+00:00","pk":{"link_id":false,"link_type":"1","language_code":"de","store_id":1},"diff":{"link_id":{"old":"","new":false},"url_md5":{"old":null,"new":"6d4b93431ee43c3f74a0af5c4a4e9bd4"},"url_text":{"old":null,"new":"de\/e-stutzen-gani-nw315-verzinkt"}}}
{"ts":"2026-03-31T17:02:39+00:00","pk":{"link_id":false,"link_type":"1","language_code":"de","store_id":1},"diff":{"link_id":{"old":"","new":false},"url_md5":{"old":null,"new":"c5ef20a8e9bc2176a5ea4cfc48b9cb9a"},"url_text":{"old":null,"new":"de\/e-stutzen-gani-nw350-verzinkt"}}}
{"ts":"2026-03-31T17:02:39+00:00","pk":{"link_id":false,"link_type":"1","language_code":"de","store_id":1},"diff":{"link_id":{"old":"","new":false},"url_md5":{"old":null,"new":"528ccc50b7c0a3196098985e693defd9"},"url_text":{"old":null,"new":"de\/e-stutzen-gani-nw355-verzinkt"}}}
{"ts":"2026-03-31T17:02:39+00:00","pk":{"link_id":false,"link_type":"1","language_code":"de","store_id":1},"diff":{"link_id":{"old":"","new":false},"url_md5":{"old":null,"new":"25aed3fa01b1385409e70cc7fbad0b46"},"url_text":{"old":null,"new":"de\/e-stutzen-gani-nw400-verzinkt"}}}
{"ts":"2026-03-31T17:02:39+00:00","pk":{"link_id":false,"link_type":"1","language_code":"de","store_id":1},"diff":{"link_id":{"old":"","new":false},"url_md5":{"old":null,"new":"9d115bf6e674936cbd416b3fcfc529f2"},"url_text":{"old":null,"new":"de\/drosselklappe-nw080-manuell-verzinkt"}}}
{"ts":"2026-03-31T17:02:39+00:00","pk":{"link_id":false,"link_type":"1","language_code":"de","store_id":1},"diff":{"link_id":{"old":"","new":false},"url_md5":{"old":null,"new":"6146752c069ced28740967019ac0ba5a"},"url_text":{"old":null,"new":"de\/handschieber-nw080-einfach-verzinkt"}}}
{"ts":"2026-03-31T17:02:39+00:00","pk":{"link_id":false,"link_type":"1","language_code":"de","store_id":1},"diff":{"link_id":{"old":"","new":false},"url_md5":{"old":null,"new":"31a75a3e855f018f6be617d31b079b1e"},"url_text":{"old":null,"new":"de\/handschieber-nw080-dicht-verz"}}}
{"ts":"2026-03-31T17:02:39+00:00","pk":{"link_id":false,"link_type":"1","language_code":"de","store_id":1},"diff":{"link_id":{"old":"","new":false},"url_md5":{"old":null,"new":"1f850eaca632e1b4322d83a2290430f9"},"url_text":{"old":null,"new":"de\/handschieber-nw080-dicht-1-4301"}}}
{"ts":"2026-03-31T17:02:39+00:00","pk":{"link_id":false,"link_type":"1","language_code":"de","store_id":1},"diff":{"link_id":{"old":"","new":false},"url_md5":{"old":null,"new":"831763544014635c00cbc6987f77f439"},"url_text":{"old":null,"new":"de\/flansch-nw080-verzinkt"}}}
{"ts":"2026-03-31T17:02:39+00:00","pk":{"link_id":false,"link_type":"1","language_code":"de","store_id":1},"diff":{"link_id":{"old":"","new":false},"url_md5":{"old":null,"new":"146224a2e0eec178fe824e641ae23f40"},"url_text":{"old":null,"new":"de\/drosselklappe-nw100-manuell-dichtung-verzinkt"}}}
{"ts":"2026-03-31T17:02:39+00:00","pk":{"link_id":false,"link_type":"1","language_code":"de","store_id":1},"diff":{"link_id":{"old":"","new":false},"url_md5":{"old":null,"new":"80a48aa058b5af0a5b1a83149d99da56"},"url_text":{"old":null,"new":"de\/drosselklappe-nw120-manuell-dichtung-verzinkt"}}}
{"ts":"2026-03-31T17:02:39+00:00","pk":{"link_id":false,"link_type":"1","language_code":"de","store_id":1},"diff":{"link_id":{"old":"","new":false},"url_md5":{"old":null,"new":"df925c7311ecff74e1398bb7c6263124"},"url_text":{"old":null,"new":"de\/drosselklappe-nw125-manuell-dichtung-verzinkt"}}}
{"ts":"2026-03-31T17:02:39+00:00","pk":{"link_id":false,"link_type":"1","language_code":"de","store_id":1},"diff":{"link_id":{"old":"","new":false},"url_md5":{"old":null,"new":"3f4f35496799dcedbfc9916c19a8cf4f"},"url_text":{"old":null,"new":"de\/drosselklappe-nw140-manuell-dichtung-verzinkt"}}}
{"ts":"2026-03-31T17:02:39+00:00","pk":{"link_id":false,"link_type":"1","language_code":"de","store_id":1},"diff":{"link_id":{"old":"","new":false},"url_md5":{"old":null,"new":"20eaf785700be5eb5bcf7be4f3b0b3ac"},"url_text":{"old":null,"new":"de\/drosselklappe-nw150-manuell-dichtung-verzinkt"}}}
{"ts":"2026-03-31T17:02:39+00:00","pk":{"link_id":false,"link_type":"1","language_code":"de","store_id":1},"diff":{"link_id":{"old":"","new":false},"url_md5":{"old":null,"new":"e5630a629cd5f7d30e46528f8ab49840"},"url_text":{"old":null,"new":"de\/drosselklappe-nw160-manuell-dichtung-verzinkt"}}}
{"ts":"2026-03-31T17:02:39+00:00","pk":{"link_id":false,"link_type":"1","language_code":"de","store_id":1},"diff":{"link_id":{"old":"","new":false},"url_md5":{"old":null,"new":"f86355869e0f1890661aab8cb7f01fbc"},"url_text":{"old":null,"new":"de\/drosselklappe-nw180-manuell-dichtung-verzinkt"}}}
{"ts":"2026-03-31T17:02:39+00:00","pk":{"link_id":false,"link_type":"1","language_code":"de","store_id":1},"diff":{"link_id":{"old":"","new":false},"url_md5":{"old":null,"new":"1fd387da42da53513ae0a819d7325f16"},"url_text":{"old":null,"new":"de\/drosselklappe-nw200-manuell-dichtung-verzinkt"}}}
{"ts":"2026-03-31T17:02:39+00:00","pk":{"link_id":false,"link_type":"1","language_code":"de","store_id":1},"diff":{"link_id":{"old":"","new":false},"url_md5":{"old":null,"new":"88f9ba9c64945490023daa57c7cf40c3"},"url_text":{"old":null,"new":"de\/drosselklappe-nw220-manuell-dichtung-verzinkt"}}}
{"ts":"2026-03-31T17:02:39+00:00","pk":{"link_id":false,"link_type":"1","language_code":"de","store_id":1},"diff":{"link_id":{"old":"","new":false},"url_md5":{"old":null,"new":"03a63da732aaef62527bc5552ecb111d"},"url_text":{"old":null,"new":"de\/drosselklappe-nw225-manuell-dichtung-verzinkt"}}}
{"ts":"2026-03-31T17:02:39+00:00","pk":{"link_id":false,"link_type":"1","language_code":"de","store_id":1},"diff":{"link_id":{"old":"","new":false},"url_md5":{"old":null,"new":"4072e7420daffcf65f1607b791f32867"},"url_text":{"old":null,"new":"de\/drosselklappe-nw250-manuell-dichtung-verzinkt"}}}
{"ts":"2026-03-31T17:02:39+00:00","pk":{"link_id":false,"link_type":"1","language_code":"de","store_id":1},"diff":{"link_id":{"old":"","new":false},"url_md5":{"old":null,"new":"02acef2ba82d9dd522f87d8607061663"},"url_text":{"old":null,"new":"de\/drosselklappe-nw300-manuell-dichtung-verzinkt"}}}
{"ts":"2026-03-31T17:02:39+00:00","pk":{"link_id":false,"link_type":"1","language_code":"de","store_id":1},"diff":{"link_id":{"old":"","new":false},"url_md5":{"old":null,"new":"e0daebd957ef66cc0530e3390e2ec907"},"url_text":{"old":null,"new":"de\/drosselklappe-nw315-manuell-dichtung-verzinkt"}}}
{"ts":"2026-03-31T17:02:39+00:00","pk":{"link_id":false,"link_type":"1","language_code":"de","store_id":1},"diff":{"link_id":{"old":"","new":false},"url_md5":{"old":null,"new":"e35a76cf7b658c8ead6eb4a5375061d5"},"url_text":{"old":null,"new":"de\/drosselklappe-nw350-manuell-dichtung-verzinkt"}}}
{"ts":"2026-03-31T17:02:39+00:00","pk":{"link_id":false,"link_type":"1","language_code":"de","store_id":1},"diff":{"link_id":{"old":"","new":false},"url_md5":{"old":null,"new":"31f421f9a01c3e015ef80a8fd8364e58"},"url_text":{"old":null,"new":"de\/drosselklappe-nw400-manuell-dichtung-verzinkt"}}}
{"ts":"2026-03-31T17:02:39+00:00","pk":{"link_id":false,"link_type":"1","language_code":"de","store_id":1},"diff":{"link_id":{"old":"","new":false},"url_md5":{"old":null,"new":"c61d8642739a89da59b3ca53099ef97a"},"url_text":{"old":null,"new":"de\/drosselklappe-nw450-manuell-dichtung-verzinkt"}}}
{"ts":"2026-03-31T17:02:39+00:00","pk":{"link_id":false,"link_type":"1","language_code":"de","store_id":1},"diff":{"link_id":{"old":"","new":false},"url_md5":{"old":null,"new":"88399e4bbe7922d43e2d7fe28caa6c5f"},"url_text":{"old":null,"new":"de\/drosselklappe-nw100-manuell-verzinkt"}}}
{"ts":"2026-03-31T17:02:39+00:00","pk":{"link_id":false,"link_type":"1","language_code":"de","store_id":1},"diff":{"link_id":{"old":"","new":false},"url_md5":{"old":null,"new":"7475aa6935865026113278b20b6569aa"},"url_text":{"old":null,"new":"de\/drosselklappe-nw120-manuell-verzinkt"}}}
{"ts":"2026-03-31T17:02:39+00:00","pk":{"link_id":false,"link_type":"1","language_code":"de","store_id":1},"diff":{"link_id":{"old":"","new":false},"url_md5":{"old":null,"new":"b22121d811d4079c286054a58356c602"},"url_text":{"old":null,"new":"de\/drosselklappe-nw125-manuell-verzinkt"}}}
{"ts":"2026-03-31T17:02:39+00:00","pk":{"link_id":false,"link_type":"1","language_code":"de","store_id":1},"diff":{"link_id":{"old":"","new":false},"url_md5":{"old":null,"new":"69234064fd90d5312ed2d665ba1f88eb"},"url_text":{"old":null,"new":"de\/drosselklappe-nw140-manuell-verzinkt"}}}
{"ts":"2026-03-31T17:02:39+00:00","pk":{"link_id":false,"link_type":"1","language_code":"de","store_id":1},"diff":{"link_id":{"old":"","new":false},"url_md5":{"old":null,"new":"eefac59f718fd641804592d40d4a6394"},"url_text":{"old":null,"new":"de\/drosselklappe-nw150-manuell-verzinkt"}}}
{"ts":"2026-03-31T17:02:39+00:00","pk":{"link_id":false,"link_type":"1","language_code":"de","store_id":1},"diff":{"link_id":{"old":"","new":false},"url_md5":{"old":null,"new":"404c10be56d4dfef97463a37fceb4c6f"},"url_text":{"old":null,"new":"de\/drosselklappe-nw160-manuell-verzinkt"}}}
{"ts":"2026-03-31T17:02:39+00:00","pk":{"link_id":false,"link_type":"1","language_code":"de","store_id":1},"diff":{"link_id":{"old":"","new":false},"url_md5":{"old":null,"new":"e12ef1525f5ba7e92df05c58cfe32ac4"},"url_text":{"old":null,"new":"de\/drosselklappe-nw180-manuell-verzinkt"}}}
{"ts":"2026-03-31T17:02:39+00:00","pk":{"link_id":false,"link_type":"1","language_code":"de","store_id":1},"diff":{"link_id":{"old":"","new":false},"url_md5":{"old":null,"new":"0db334b06dc03cdc3da964693284ea18"},"url_text":{"old":null,"new":"de\/drosselklappe-nw200-manuell-verzinkt"}}}
{"ts":"2026-03-31T17:02:39+00:00","pk":{"link_id":false,"link_type":"1","language_code":"de","store_id":1},"diff":{"link_id":{"old":"","new":false},"url_md5":{"old":null,"new":"4baaec7d876d6093ed0eea8b7fa680c3"},"url_text":{"old":null,"new":"de\/drosselklappe-nw220-manuell-verzinkt"}}}
{"ts":"2026-03-31T17:02:39+00:00","pk":{"link_id":false,"link_type":"1","language_code":"de","store_id":1},"diff":{"link_id":{"old":"","new":false},"url_md5":{"old":null,"new":"df1dd52d0510a70e71537a502a97feef"},"url_text":{"old":null,"new":"de\/drosselklappe-nw225-manuell-verzinkt"}}}
{"ts":"2026-03-31T17:02:39+00:00","pk":{"link_id":false,"link_type":"1","language_code":"de","store_id":1},"diff":{"link_id":{"old":"","new":false},"url_md5":{"old":null,"new":"992a938ed51c844a636d8ddb0cb69095"},"url_text":{"old":null,"new":"de\/drosselklappe-nw250-manuell-verzinkt"}}}
{"ts":"2026-03-31T17:02:39+00:00","pk":{"link_id":false,"link_type":"1","language_code":"de","store_id":1},"diff":{"link_id":{"old":"","new":false},"url_md5":{"old":null,"new":"a8053faaa5d632718cdfb1b019da981a"},"url_text":{"old":null,"new":"de\/drosselklappe-nw280-manuell-verzinkt"}}}
{"ts":"2026-03-31T17:02:39+00:00","pk":{"link_id":false,"link_type":"1","language_code":"de","store_id":1},"diff":{"link_id":{"old":"","new":false},"url_md5":{"old":null,"new":"e7d8e994e764ba5d4346eea766f197d6"},"url_text":{"old":null,"new":"de\/drosselklappe-nw300-manuell-verzinkt"}}}
{"ts":"2026-03-31T17:02:39+00:00","pk":{"link_id":false,"link_type":"1","language_code":"de","store_id":1},"diff":{"link_id":{"old":"","new":false},"url_md5":{"old":null,"new":"ec2c251362c7693422fa0d627be3db7d"},"url_text":{"old":null,"new":"de\/drosselklappe-nw350-manuell-verzinkt"}}}
{"ts":"2026-03-31T17:02:39+00:00","pk":{"link_id":false,"link_type":"1","language_code":"de","store_id":1},"diff":{"link_id":{"old":"","new":false},"url_md5":{"old":null,"new":"295bf0fb0ce2dd10b8c98297a857c041"},"url_text":{"old":null,"new":"de\/drosselklappe-nw315-manuell-verzinkt"}}}
{"ts":"2026-03-31T17:02:39+00:00","pk":{"link_id":false,"link_type":"1","language_code":"de","store_id":1},"diff":{"link_id":{"old":"","new":false},"url_md5":{"old":null,"new":"f55b5cfbd6ad58d0eb374a5a3c0d6f51"},"url_text":{"old":null,"new":"de\/drosselklappe-nw355-manuell-verzinkt"}}}
{"ts":"2026-03-31T17:02:39+00:00","pk":{"link_id":false,"link_type":"1","language_code":"de","store_id":1},"diff":{"link_id":{"old":"","new":false},"url_md5":{"old":null,"new":"ab9f897607c131fb6900f6379cbd43ef"},"url_text":{"old":null,"new":"de\/drosselklappe-nw400-manuell-verzinkt"}}}
{"ts":"2026-03-31T17:02:39+00:00","pk":{"link_id":false,"link_type":"1","language_code":"de","store_id":1},"diff":{"link_id":{"old":"","new":false},"url_md5":{"old":null,"new":"3ef07fc383500ed002787f854f693cdd"},"url_text":{"old":null,"new":"de\/drosselklappe-nw450-manuell-verzinkt"}}}
{"ts":"2026-03-31T17:02:39+00:00","pk":{"link_id":false,"link_type":"1","language_code":"de","store_id":1},"diff":{"link_id":{"old":"","new":false},"url_md5":{"old":null,"new":"4a8d293b8d35185e56f9e9d9384a2008"},"url_text":{"old":null,"new":"de\/drosselklappe-nw500-manuell-verzinkt"}}}
{"ts":"2026-03-31T17:02:39+00:00","pk":{"link_id":false,"link_type":"1","language_code":"de","store_id":1},"diff":{"link_id":{"old":"","new":false},"url_md5":{"old":null,"new":"69c8622bc0b717a58a54a6223ce07e05"},"url_text":{"old":null,"new":"de\/handschieber-nw100-einfach-verzinkt"}}}
{"ts":"2026-03-31T17:02:39+00:00","pk":{"link_id":false,"link_type":"1","language_code":"de","store_id":1},"diff":{"link_id":{"old":"","new":false},"url_md5":{"old":null,"new":"557202a86af3a967e2654d0db91327a9"},"url_text":{"old":null,"new":"de\/handschieber-nw120-einfach-verzinkt"}}}
{"ts":"2026-03-31T17:02:39+00:00","pk":{"link_id":false,"link_type":"1","language_code":"de","store_id":1},"diff":{"link_id":{"old":"","new":false},"url_md5":{"old":null,"new":"227723d46660d286f4be975ca87ae963"},"url_text":{"old":null,"new":"de\/handschieber-nw125-einfach-verzinkt"}}}
{"ts":"2026-03-31T17:02:39+00:00","pk":{"link_id":false,"link_type":"1","language_code":"de","store_id":1},"diff":{"link_id":{"old":"","new":false},"url_md5":{"old":null,"new":"2136281b472299605262a93e158f9cee"},"url_text":{"old":null,"new":"de\/handschieber-nw140-einfach-verzinkt"}}}
{"ts":"2026-03-31T17:02:39+00:00","pk":{"link_id":false,"link_type":"1","language_code":"de","store_id":1},"diff":{"link_id":{"old":"","new":false},"url_md5":{"old":null,"new":"02d454d637a7d32d38e68e8fc79c3144"},"url_text":{"old":null,"new":"de\/handschieber-nw150-einfach-verzinkt"}}}
{"ts":"2026-03-31T17:02:39+00:00","pk":{"link_id":false,"link_type":"1","language_code":"de","store_id":1},"diff":{"link_id":{"old":"","new":false},"url_md5":{"old":null,"new":"87b8793cc794eed112834acd24309c67"},"url_text":{"old":null,"new":"de\/handschieber-nw160-einfach-verzinkt"}}}
{"ts":"2026-03-31T17:02:39+00:00","pk":{"link_id":false,"link_type":"1","language_code":"de","store_id":1},"diff":{"link_id":{"old":"","new":false},"url_md5":{"old":null,"new":"21c69f2ac4dfc4d59301afdf8f59628b"},"url_text":{"old":null,"new":"de\/handschieber-nw180-einfach-verzinkt"}}}
{"ts":"2026-03-31T17:02:39+00:00","pk":{"link_id":false,"link_type":"1","language_code":"de","store_id":1},"diff":{"link_id":{"old":"","new":false},"url_md5":{"old":null,"new":"7e7fe10e09ee71efaf9339cb470bcb3c"},"url_text":{"old":null,"new":"de\/handschieber-nw200-einfach-verzinkt"}}}
{"ts":"2026-03-31T17:02:40+00:00","pk":{"link_id":false,"link_type":"1","language_code":"de","store_id":1},"diff":{"link_id":{"old":"","new":false},"url_md5":{"old":null,"new":"ac1b1cffc94469752ea2f83d4149e69d"},"url_text":{"old":null,"new":"de\/handschieber-nw220-einfach-verzinkt"}}}
{"ts":"2026-03-31T17:02:40+00:00","pk":{"link_id":false,"link_type":"1","language_code":"de","store_id":1},"diff":{"link_id":{"old":"","new":false},"url_md5":{"old":null,"new":"e02d6143ca1eb9bcfbc914c443cd6f04"},"url_text":{"old":null,"new":"de\/handschieber-nw225-einfach-verzinkt"}}}
{"ts":"2026-03-31T17:02:40+00:00","pk":{"link_id":false,"link_type":"1","language_code":"de","store_id":1},"diff":{"link_id":{"old":"","new":false},"url_md5":{"old":null,"new":"fa59374097cbe2239b4d39f242d65a7c"},"url_text":{"old":null,"new":"de\/handschieber-nw250-einfach-verzinkt"}}}
{"ts":"2026-03-31T17:02:40+00:00","pk":{"link_id":false,"link_type":"1","language_code":"de","store_id":1},"diff":{"link_id":{"old":"","new":false},"url_md5":{"old":null,"new":"1fc43f2ca4eb1519038e4d14b7883635"},"url_text":{"old":null,"new":"de\/handschieber-nw280-einfach-verzinkt"}}}
{"ts":"2026-03-31T17:02:40+00:00","pk":{"link_id":false,"link_type":"1","language_code":"de","store_id":1},"diff":{"link_id":{"old":"","new":false},"url_md5":{"old":null,"new":"4fbea7135a083bcadbef79a63060eb5c"},"url_text":{"old":null,"new":"de\/handschieber-nw300-einfach-verzinkt"}}}
{"ts":"2026-03-31T17:02:40+00:00","pk":{"link_id":false,"link_type":"1","language_code":"de","store_id":1},"diff":{"link_id":{"old":"","new":false},"url_md5":{"old":null,"new":"9c367723c83e12fba415d51efcb924c3"},"url_text":{"old":null,"new":"de\/handschieber-nw050-dicht-1-4301"}}}
{"ts":"2026-03-31T17:02:40+00:00","pk":{"link_id":false,"link_type":"1","language_code":"de","store_id":1},"diff":{"link_id":{"old":"","new":false},"url_md5":{"old":null,"new":"0400e45a83c6c509848ccff64b4c1060"},"url_text":{"old":null,"new":"de\/handschieber-nw063-dicht-1-4301"}}}
{"ts":"2026-03-31T17:02:40+00:00","pk":{"link_id":false,"link_type":"1","language_code":"de","store_id":1},"diff":{"link_id":{"old":"","new":false},"url_md5":{"old":null,"new":"e1937f911228f569ae40ad21762f93ed"},"url_text":{"old":null,"new":"de\/handschieber-nw076-dicht-1-4301"}}}
{"ts":"2026-03-31T17:02:40+00:00","pk":{"link_id":false,"link_type":"1","language_code":"de","store_id":1},"diff":{"link_id":{"old":"","new":false},"url_md5":{"old":null,"new":"fcc61adb4386d8cfb04657eb3b6d2c98"},"url_text":{"old":null,"new":"de\/handschieber-nw100-dicht-1-4301"}}}
{"ts":"2026-03-31T17:02:40+00:00","pk":{"link_id":false,"link_type":"1","language_code":"de","store_id":1},"diff":{"link_id":{"old":"","new":false},"url_md5":{"old":null,"new":"125f39ccac1a3797da6d215cb14bb309"},"url_text":{"old":null,"new":"de\/handschieber-nw108-dicht-1-4301"}}}
{"ts":"2026-03-31T17:02:40+00:00","pk":{"link_id":false,"link_type":"1","language_code":"de","store_id":1},"diff":{"link_id":{"old":"","new":false},"url_md5":{"old":null,"new":"63ae27ab61979ff27cf134f31891f9ab"},"url_text":{"old":null,"new":"de\/handschieber-nw120-dicht-1-4301"}}}
{"ts":"2026-03-31T17:02:40+00:00","pk":{"link_id":false,"link_type":"1","language_code":"de","store_id":1},"diff":{"link_id":{"old":"","new":false},"url_md5":{"old":null,"new":"26a269ef7923ca612f54d7c325f56a26"},"url_text":{"old":null,"new":"de\/handschieber-nw125-dicht-1-4301"}}}
{"ts":"2026-03-31T17:02:40+00:00","pk":{"link_id":false,"link_type":"1","language_code":"de","store_id":1},"diff":{"link_id":{"old":"","new":false},"url_md5":{"old":null,"new":"bd63cb17dc9c43008f9ffbed6a38f3fb"},"url_text":{"old":null,"new":"de\/handschieber-nw127-dicht-1-4301"}}}
{"ts":"2026-03-31T17:02:40+00:00","pk":{"link_id":false,"link_type":"1","language_code":"de","store_id":1},"diff":{"link_id":{"old":"","new":false},"url_md5":{"old":null,"new":"8c94007b18034aa78df32b9cd7e48ee6"},"url_text":{"old":null,"new":"de\/handschieber-nw140-dicht-1-4301"}}}
{"ts":"2026-03-31T17:02:40+00:00","pk":{"link_id":false,"link_type":"1","language_code":"de","store_id":1},"diff":{"link_id":{"old":"","new":false},"url_md5":{"old":null,"new":"a57f3357225eb1146a059f4769b4d163"},"url_text":{"old":null,"new":"de\/handschieber-nw150-dicht-1-4301"}}}
{"ts":"2026-03-31T17:02:40+00:00","pk":{"link_id":false,"link_type":"1","language_code":"de","store_id":1},"diff":{"link_id":{"old":"","new":false},"url_md5":{"old":null,"new":"cdc140c042f54dbef365eb0772b8a041"},"url_text":{"old":null,"new":"de\/handschieber-nw160-dicht-1-4301"}}}
{"ts":"2026-03-31T17:02:40+00:00","pk":{"link_id":false,"link_type":"1","language_code":"de","store_id":1},"diff":{"link_id":{"old":"","new":false},"url_md5":{"old":null,"new":"d2f74b1c41db9ccad11badd6e06fd421"},"url_text":{"old":null,"new":"de\/handschieber-nw180-dicht-1-4301"}}}
{"ts":"2026-03-31T17:02:40+00:00","pk":{"link_id":false,"link_type":"1","language_code":"de","store_id":1},"diff":{"link_id":{"old":"","new":false},"url_md5":{"old":null,"new":"1d41f0f6c329de99067f4c0ee8f1a076"},"url_text":{"old":null,"new":"de\/handschieber-nw200-dicht-1-4301"}}}
{"ts":"2026-03-31T17:02:40+00:00","pk":{"link_id":false,"link_type":"1","language_code":"de","store_id":1},"diff":{"link_id":{"old":"","new":false},"url_md5":{"old":null,"new":"ed2499e0930e41320840961d5c00d358"},"url_text":{"old":null,"new":"de\/handschieber-nw220-dicht-1-4301"}}}
{"ts":"2026-03-31T17:02:40+00:00","pk":{"link_id":false,"link_type":"1","language_code":"de","store_id":1},"diff":{"link_id":{"old":"","new":false},"url_md5":{"old":null,"new":"e9ef0f8c54ead6a87004dce6bb206b54"},"url_text":{"old":null,"new":"de\/handschieber-nw225-dicht-1-4301"}}}
{"ts":"2026-03-31T17:02:40+00:00","pk":{"link_id":false,"link_type":"1","language_code":"de","store_id":1},"diff":{"link_id":{"old":"","new":false},"url_md5":{"old":null,"new":"7b36f4c644a7b071d6e03247a908a5d6"},"url_text":{"old":null,"new":"de\/handschieber-nw280-dicht-1-4301"}}}
{"ts":"2026-03-31T17:02:40+00:00","pk":{"link_id":false,"link_type":"1","language_code":"de","store_id":1},"diff":{"link_id":{"old":"","new":false},"url_md5":{"old":null,"new":"da27bcc03b7761343bdb7726a28ad616"},"url_text":{"old":null,"new":"de\/handschieber-nw300-dicht-1-4301"}}}
{"ts":"2026-03-31T17:02:40+00:00","pk":{"link_id":false,"link_type":"1","language_code":"de","store_id":1},"diff":{"link_id":{"old":"","new":false},"url_md5":{"old":null,"new":"4f5b64c411479823c0eacfcfb69a2eff"},"url_text":{"old":null,"new":"de\/handschieber-nw315-dicht-1-4301"}}}
{"ts":"2026-03-31T17:02:40+00:00","pk":{"link_id":false,"link_type":"1","language_code":"de","store_id":1},"diff":{"link_id":{"old":"","new":false},"url_md5":{"old":null,"new":"34af695ce9682f17513610955d8d4b51"},"url_text":{"old":null,"new":"de\/handschieber-nw350-dicht-1-4301"}}}
{"ts":"2026-03-31T17:02:40+00:00","pk":{"link_id":false,"link_type":"1","language_code":"de","store_id":1},"diff":{"link_id":{"old":"","new":false},"url_md5":{"old":null,"new":"74d4733a7eb93c8a6b8df770200fcfb7"},"url_text":{"old":null,"new":"de\/handschieber-nw050-dicht-verz"}}}
{"ts":"2026-03-31T17:02:40+00:00","pk":{"link_id":false,"link_type":"1","language_code":"de","store_id":1},"diff":{"link_id":{"old":"","new":false},"url_md5":{"old":null,"new":"d30dc39ba7fa5f59cbd43d8b373d6392"},"url_text":{"old":null,"new":"de\/handschieber-nw063-dicht-verz"}}}
{"ts":"2026-03-31T17:02:40+00:00","pk":{"link_id":false,"link_type":"1","language_code":"de","store_id":1},"diff":{"link_id":{"old":"","new":false},"url_md5":{"old":null,"new":"c991a57c023cf079930e274858b80501"},"url_text":{"old":null,"new":"de\/handschieber-nw076-dicht-verz"}}}
{"ts":"2026-03-31T17:02:40+00:00","pk":{"link_id":false,"link_type":"1","language_code":"de","store_id":1},"diff":{"link_id":{"old":"","new":false},"url_md5":{"old":null,"new":"dce004d8855785c88f50541adafed349"},"url_text":{"old":null,"new":"de\/handschieber-nw100-dicht-verz"}}}
{"ts":"2026-03-31T17:02:40+00:00","pk":{"link_id":false,"link_type":"1","language_code":"de","store_id":1},"diff":{"link_id":{"old":"","new":false},"url_md5":{"old":null,"new":"e6902c61344a44173a774f3c1c08bd54"},"url_text":{"old":null,"new":"de\/handschieber-nw108-dicht-verz"}}}
{"ts":"2026-03-31T17:02:40+00:00","pk":{"link_id":false,"link_type":"1","language_code":"de","store_id":1},"diff":{"link_id":{"old":"","new":false},"url_md5":{"old":null,"new":"e7903f2808ac6dc1d22167cf04f9161d"},"url_text":{"old":null,"new":"de\/handschieber-nw120-dicht-verz"}}}
{"ts":"2026-03-31T17:02:40+00:00","pk":{"link_id":false,"link_type":"1","language_code":"de","store_id":1},"diff":{"link_id":{"old":"","new":false},"url_md5":{"old":null,"new":"1418f1b666caa88bff2e74270ffb2ccc"},"url_text":{"old":null,"new":"de\/handschieber-nw125-dicht-verz"}}}
{"ts":"2026-03-31T17:02:40+00:00","pk":{"link_id":false,"link_type":"1","language_code":"de","store_id":1},"diff":{"link_id":{"old":"","new":false},"url_md5":{"old":null,"new":"3d9350b6f62209f8b114b3f452aab3ae"},"url_text":{"old":null,"new":"de\/handschieber-nw127-dicht-verz"}}}
{"ts":"2026-03-31T17:02:40+00:00","pk":{"link_id":false,"link_type":"1","language_code":"de","store_id":1},"diff":{"link_id":{"old":"","new":false},"url_md5":{"old":null,"new":"4f907f8bb63f4493f860d154b7032302"},"url_text":{"old":null,"new":"de\/handschieber-nw140-dicht-verz"}}}
{"ts":"2026-03-31T17:02:40+00:00","pk":{"link_id":false,"link_type":"1","language_code":"de","store_id":1},"diff":{"link_id":{"old":"","new":false},"url_md5":{"old":null,"new":"bc679e3d620c4009505fc217e075cdd9"},"url_text":{"old":null,"new":"de\/handschieber-nw150-dicht-verz"}}}
{"ts":"2026-03-31T17:02:40+00:00","pk":{"link_id":false,"link_type":"1","language_code":"de","store_id":1},"diff":{"link_id":{"old":"","new":false},"url_md5":{"old":null,"new":"e642242a0c0d156cc680ac1550f5dd93"},"url_text":{"old":null,"new":"de\/handschieber-nw160-dicht-verz"}}}
{"ts":"2026-03-31T17:02:40+00:00","pk":{"link_id":false,"link_type":"1","language_code":"de","store_id":1},"diff":{"link_id":{"old":"","new":false},"url_md5":{"old":null,"new":"807f797faf37f1ead2bb9ce0598c5e50"},"url_text":{"old":null,"new":"de\/handschieber-nw180-dicht-verz"}}}
{"ts":"2026-03-31T17:02:40+00:00","pk":{"link_id":false,"link_type":"1","language_code":"de","store_id":1},"diff":{"link_id":{"old":"","new":false},"url_md5":{"old":null,"new":"887d8d6e91fc8bdc42e404ecd9948648"},"url_text":{"old":null,"new":"de\/handschieber-nw200-dicht-verz"}}}
{"ts":"2026-03-31T17:02:40+00:00","pk":{"link_id":false,"link_type":"1","language_code":"de","store_id":1},"diff":{"link_id":{"old":"","new":false},"url_md5":{"old":null,"new":"5b0a03b972fcb7fccccd546d1aa071f1"},"url_text":{"old":null,"new":"de\/handschieber-nw220-dicht-verz"}}}
{"ts":"2026-03-31T17:02:40+00:00","pk":{"link_id":false,"link_type":"1","language_code":"de","store_id":1},"diff":{"link_id":{"old":"","new":false},"url_md5":{"old":null,"new":"6ad5cf0e9211c49dc5cb69f57d9f422b"},"url_text":{"old":null,"new":"de\/handschieber-nw225-dicht-verz"}}}
{"ts":"2026-03-31T17:02:40+00:00","pk":{"link_id":false,"link_type":"1","language_code":"de","store_id":1},"diff":{"link_id":{"old":"","new":false},"url_md5":{"old":null,"new":"218e7fed42c75b785490fa7c31fd97a5"},"url_text":{"old":null,"new":"de\/handschieber-nw280-dicht-verz"}}}
{"ts":"2026-03-31T17:02:40+00:00","pk":{"link_id":false,"link_type":"1","language_code":"de","store_id":1},"diff":{"link_id":{"old":"","new":false},"url_md5":{"old":null,"new":"db4783b127d5d9e6d829e3d2f2ea6458"},"url_text":{"old":null,"new":"de\/handschieber-nw300-dicht-verz"}}}
{"ts":"2026-03-31T17:02:40+00:00","pk":{"link_id":false,"link_type":"1","language_code":"de","store_id":1},"diff":{"link_id":{"old":"","new":false},"url_md5":{"old":null,"new":"41e8c712f4dda03fa478f67fb067b2ef"},"url_text":{"old":null,"new":"de\/handschieber-nw315-dicht-verz"}}}
{"ts":"2026-03-31T17:02:40+00:00","pk":{"link_id":false,"link_type":"1","language_code":"de","store_id":1},"diff":{"link_id":{"old":"","new":false},"url_md5":{"old":null,"new":"0cac043d6035e4fd4c26c81aac1af673"},"url_text":{"old":null,"new":"de\/handschieber-nw350-dicht-verz"}}}
{"ts":"2026-03-31T17:02:40+00:00","pk":{"link_id":false,"link_type":"1","language_code":"de","store_id":1},"diff":{"link_id":{"old":"","new":false},"url_md5":{"old":null,"new":"318cd7dbee95e4705e3adf66fcc99017"},"url_text":{"old":null,"new":"de\/handschieber-nw355-dicht-verz"}}}
{"ts":"2026-03-31T17:02:40+00:00","pk":{"link_id":false,"link_type":"1","language_code":"de","store_id":1},"diff":{"link_id":{"old":"","new":false},"url_md5":{"old":null,"new":"645fb213b06b48cc76737bb8f3777cfd"},"url_text":{"old":null,"new":"de\/flansch-nw100-verzinkt"}}}
{"ts":"2026-03-31T17:02:40+00:00","pk":{"link_id":false,"link_type":"1","language_code":"de","store_id":1},"diff":{"link_id":{"old":"","new":false},"url_md5":{"old":null,"new":"d3ade86fc1380462f6ee4e00389e40b9"},"url_text":{"old":null,"new":"de\/flansch-nw125-verzinkt"}}}
{"ts":"2026-03-31T17:02:40+00:00","pk":{"link_id":false,"link_type":"1","language_code":"de","store_id":1},"diff":{"link_id":{"old":"","new":false},"url_md5":{"old":null,"new":"effe837fd5abd131738ed452e1baf6c9"},"url_text":{"old":null,"new":"de\/flansch-nw140-verzinkt"}}}
{"ts":"2026-03-31T17:02:40+00:00","pk":{"link_id":false,"link_type":"1","language_code":"de","store_id":1},"diff":{"link_id":{"old":"","new":false},"url_md5":{"old":null,"new":"c7cef632ca2330f4fbc0d0042ec272ad"},"url_text":{"old":null,"new":"de\/flansch-nw150-verzinkt"}}}
{"ts":"2026-03-31T17:02:40+00:00","pk":{"link_id":false,"link_type":"1","language_code":"de","store_id":1},"diff":{"link_id":{"old":"","new":false},"url_md5":{"old":null,"new":"669ea8272ae12cc2f5ffb0ed7bcb37fd"},"url_text":{"old":null,"new":"de\/flansch-nw160-verzinkt"}}}
{"ts":"2026-03-31T17:02:40+00:00","pk":{"link_id":false,"link_type":"1","language_code":"de","store_id":1},"diff":{"link_id":{"old":"","new":false},"url_md5":{"old":null,"new":"8ec3f065e43d61b71e0cc4d8a59ee2a1"},"url_text":{"old":null,"new":"de\/flansch-nw180-verzinkt"}}}
{"ts":"2026-03-31T17:02:40+00:00","pk":{"link_id":false,"link_type":"1","language_code":"de","store_id":1},"diff":{"link_id":{"old":"","new":false},"url_md5":{"old":null,"new":"de376a828c96be9b88d207d5028e3f54"},"url_text":{"old":null,"new":"de\/flansch-nw200-verzinkt"}}}
{"ts":"2026-03-31T17:02:40+00:00","pk":{"link_id":false,"link_type":"1","language_code":"de","store_id":1},"diff":{"link_id":{"old":"","new":false},"url_md5":{"old":null,"new":"e64cd406df7e72a9d75110c823dbcf26"},"url_text":{"old":null,"new":"de\/flansch-nw225-verzinkt"}}}
{"ts":"2026-03-31T17:02:40+00:00","pk":{"link_id":false,"link_type":"1","language_code":"de","store_id":1},"diff":{"link_id":{"old":"","new":false},"url_md5":{"old":null,"new":"c854518b3061feb57e54c0a99525358c"},"url_text":{"old":null,"new":"de\/flansch-nw250-verzinkt"}}}
{"ts":"2026-03-31T17:02:40+00:00","pk":{"link_id":false,"link_type":"1","language_code":"de","store_id":1},"diff":{"link_id":{"old":"","new":false},"url_md5":{"old":null,"new":"9491fc1daf61c894c8bb6a64275635fa"},"url_text":{"old":null,"new":"de\/flansch-nw280-verzinkt"}}}
{"ts":"2026-03-31T17:02:40+00:00","pk":{"link_id":false,"link_type":"1","language_code":"de","store_id":1},"diff":{"link_id":{"old":"","new":false},"url_md5":{"old":null,"new":"08f6d4c700ba184b754ad21d63b47f7b"},"url_text":{"old":null,"new":"de\/flansch-nw300-verzinkt"}}}
{"ts":"2026-03-31T17:02:40+00:00","pk":{"link_id":false,"link_type":"1","language_code":"de","store_id":1},"diff":{"link_id":{"old":"","new":false},"url_md5":{"old":null,"new":"1007450206a67c78d5b387f9b14dca16"},"url_text":{"old":null,"new":"de\/flansch-nw315-verzinkt"}}}
{"ts":"2026-03-31T17:02:40+00:00","pk":{"link_id":false,"link_type":"1","language_code":"de","store_id":1},"diff":{"link_id":{"old":"","new":false},"url_md5":{"old":null,"new":"8b7d1a466f837150f38f4ef5ccc51762"},"url_text":{"old":null,"new":"de\/flansch-nw355-verzinkt"}}}
{"ts":"2026-03-31T17:02:40+00:00","pk":{"link_id":false,"link_type":"1","language_code":"de","store_id":1},"diff":{"link_id":{"old":"","new":false},"url_md5":{"old":null,"new":"7ea1e096e784a74737c11578ddfda056"},"url_text":{"old":null,"new":"de\/flansch-nw400-verzinkt"}}}
{"ts":"2026-03-31T17:02:40+00:00","pk":{"link_id":false,"link_type":"1","language_code":"de","store_id":1},"diff":{"link_id":{"old":"","new":false},"url_md5":{"old":null,"new":"ab5bd36f3d6dccf89445d65305ec6116"},"url_text":{"old":null,"new":"de\/flansch-nw450-verzinkt"}}}
{"ts":"2026-03-31T17:02:40+00:00","pk":{"link_id":false,"link_type":"1","language_code":"de","store_id":1},"diff":{"link_id":{"old":"","new":false},"url_md5":{"old":null,"new":"be2ebef8ba52716ac60b374b8c2f9018"},"url_text":{"old":null,"new":"de\/flansch-nw500-verzinkt"}}}
{"ts":"2026-03-31T17:02:40+00:00","pk":{"link_id":false,"link_type":"1","language_code":"de","store_id":1},"diff":{"link_id":{"old":"","new":false},"url_md5":{"old":null,"new":"998d7c3103d89679710be07f3888ce2a"},"url_text":{"old":null,"new":"de\/flansch-nw560-verzinkt"}}}
{"ts":"2026-03-31T17:02:40+00:00","pk":{"link_id":false,"link_type":"1","language_code":"de","store_id":1},"diff":{"link_id":{"old":"","new":false},"url_md5":{"old":null,"new":"6274c3852be35090cfcbe1986b2097b8"},"url_text":{"old":null,"new":"de\/flansch-nw630-verzinkt"}}}
{"ts":"2026-03-31T17:02:40+00:00","pk":{"link_id":false,"link_type":"1","language_code":"de","store_id":1},"diff":{"link_id":{"old":"","new":false},"url_md5":{"old":null,"new":"9b45c858ff17aec6c7c7f41898170ffe"},"url_text":{"old":null,"new":"de\/flansch-nw710-verzinkt"}}}
{"ts":"2026-03-31T17:02:40+00:00","pk":{"link_id":false,"link_type":"1","language_code":"de","store_id":1},"diff":{"link_id":{"old":"","new":false},"url_md5":{"old":null,"new":"005021e97f591654403ddfd0e5016f12"},"url_text":{"old":null,"new":"de\/abzweig-stbp-050-050-verzinkt"}}}
{"ts":"2026-03-31T17:02:40+00:00","pk":{"link_id":false,"link_type":"1","language_code":"de","store_id":1},"diff":{"link_id":{"old":"","new":false},"url_md5":{"old":null,"new":"62ef1809ff773543f77bb6893da8db44"},"url_text":{"old":null,"new":"de\/abzweig-stbp-063-050-verzinkt"}}}
{"ts":"2026-03-31T17:02:40+00:00","pk":{"link_id":false,"link_type":"1","language_code":"de","store_id":1},"diff":{"link_id":{"old":"","new":false},"url_md5":{"old":null,"new":"885baaad5d364d1edb75e83315918d5d"},"url_text":{"old":null,"new":"de\/abzweig-stbp-063-063-verzinkt"}}}
{"ts":"2026-03-31T17:02:40+00:00","pk":{"link_id":false,"link_type":"1","language_code":"de","store_id":1},"diff":{"link_id":{"old":"","new":false},"url_md5":{"old":null,"new":"294b014b54f7423a92a085d4d0555eb5"},"url_text":{"old":null,"new":"de\/abzweig-stbp-076-050-verzinkt"}}}
{"ts":"2026-03-31T17:02:40+00:00","pk":{"link_id":false,"link_type":"1","language_code":"de","store_id":1},"diff":{"link_id":{"old":"","new":false},"url_md5":{"old":null,"new":"d37af1ef91c21d14a672bb6909bc42b7"},"url_text":{"old":null,"new":"de\/abzweig-stbp-076-063-verzinkt"}}}
{"ts":"2026-03-31T17:02:40+00:00","pk":{"link_id":false,"link_type":"1","language_code":"de","store_id":1},"diff":{"link_id":{"old":"","new":false},"url_md5":{"old":null,"new":"10ebe96c2b02f77eee3250df335dfa82"},"url_text":{"old":null,"new":"de\/abzweig-stbp-076-076-verzinkt"}}}
{"ts":"2026-03-31T17:02:40+00:00","pk":{"link_id":false,"link_type":"1","language_code":"de","store_id":1},"diff":{"link_id":{"old":"","new":false},"url_md5":{"old":null,"new":"8de0dcb6d42d14c28bb927aaef601d48"},"url_text":{"old":null,"new":"de\/abzweig-stbp-108-050-verzinkt"}}}
{"ts":"2026-03-31T17:02:40+00:00","pk":{"link_id":false,"link_type":"1","language_code":"de","store_id":1},"diff":{"link_id":{"old":"","new":false},"url_md5":{"old":null,"new":"5efe63b39d4296039e866f6b62e95b06"},"url_text":{"old":null,"new":"de\/abzweig-stbp-108-063-verzinkt"}}}
{"ts":"2026-03-31T17:02:40+00:00","pk":{"link_id":false,"link_type":"1","language_code":"de","store_id":1},"diff":{"link_id":{"old":"","new":false},"url_md5":{"old":null,"new":"2123542254314b215c88c4ebafef406d"},"url_text":{"old":null,"new":"de\/abzweig-stbp-108-076-verzinkt"}}}
{"ts":"2026-03-31T17:02:40+00:00","pk":{"link_id":false,"link_type":"1","language_code":"de","store_id":1},"diff":{"link_id":{"old":"","new":false},"url_md5":{"old":null,"new":"ff4dc7613e0ebd7b3c65e2aacf131501"},"url_text":{"old":null,"new":"de\/abzweig-stbp-108-108-verzinkt"}}}
{"ts":"2026-03-31T17:02:40+00:00","pk":{"link_id":false,"link_type":"1","language_code":"de","store_id":1},"diff":{"link_id":{"old":"","new":false},"url_md5":{"old":null,"new":"12cec0bd972420e4a653e8130125c378"},"url_text":{"old":null,"new":"de\/abzweig-stbp-102-050-verzinkt"}}}
{"ts":"2026-03-31T17:02:40+00:00","pk":{"link_id":false,"link_type":"1","language_code":"de","store_id":1},"diff":{"link_id":{"old":"","new":false},"url_md5":{"old":null,"new":"8cfa39fa23afbe0ae45bd110a7473b4d"},"url_text":{"old":null,"new":"de\/abzweig-stbp-102-063-verzinkt"}}}
{"ts":"2026-03-31T17:02:40+00:00","pk":{"link_id":false,"link_type":"1","language_code":"de","store_id":1},"diff":{"link_id":{"old":"","new":false},"url_md5":{"old":null,"new":"017f7ce549e6ec5b7547d4b4ee4462d3"},"url_text":{"old":null,"new":"de\/abzweig-stbp-102-076-verzinkt"}}}
{"ts":"2026-03-31T17:02:40+00:00","pk":{"link_id":false,"link_type":"1","language_code":"de","store_id":1},"diff":{"link_id":{"old":"","new":false},"url_md5":{"old":null,"new":"efe76f043732d9b5b8a001f64b4ad851"},"url_text":{"old":null,"new":"de\/abzweig-stbp-102-102-verzinkt"}}}
{"ts":"2026-03-31T17:02:40+00:00","pk":{"link_id":false,"link_type":"1","language_code":"de","store_id":1},"diff":{"link_id":{"old":"","new":false},"url_md5":{"old":null,"new":"4574c849a4d95256f5b39e4f91f1211c"},"url_text":{"old":null,"new":"de\/abzweig-stbp-127-063-verzinkt"}}}
{"ts":"2026-03-31T17:02:40+00:00","pk":{"link_id":false,"link_type":"1","language_code":"de","store_id":1},"diff":{"link_id":{"old":"","new":false},"url_md5":{"old":null,"new":"3606fdf0ef36d917ca8ed8c464374006"},"url_text":{"old":null,"new":"de\/abzweig-stbp-127-076-verzinkt"}}}
{"ts":"2026-03-31T17:02:40+00:00","pk":{"link_id":false,"link_type":"1","language_code":"de","store_id":1},"diff":{"link_id":{"old":"","new":false},"url_md5":{"old":null,"new":"acaa384bf524b06e36329345cdf3ac80"},"url_text":{"old":null,"new":"de\/abzweig-stbp-127-102-verzinkt"}}}
{"ts":"2026-03-31T17:02:40+00:00","pk":{"link_id":false,"link_type":"1","language_code":"de","store_id":1},"diff":{"link_id":{"old":"","new":false},"url_md5":{"old":null,"new":"253394b1128ab13ff854d75d9b584fef"},"url_text":{"old":null,"new":"de\/abzweig-stbp-127-108-verzinkt"}}}
{"ts":"2026-03-31T17:02:40+00:00","pk":{"link_id":false,"link_type":"1","language_code":"de","store_id":1},"diff":{"link_id":{"old":"","new":false},"url_md5":{"old":null,"new":"2bcad8cb99f9fa2ff80f774236a58b5d"},"url_text":{"old":null,"new":"de\/abzweig-stbp-127-127-verzinkt"}}}
{"ts":"2026-03-31T17:02:40+00:00","pk":{"link_id":false,"link_type":"1","language_code":"de","store_id":1},"diff":{"link_id":{"old":"","new":false},"url_md5":{"old":null,"new":"cd806efcdf5c535c282f96a0d001c114"},"url_text":{"old":null,"new":"de\/abzweig-stbp-152-063-verzinkt"}}}
{"ts":"2026-03-31T17:02:40+00:00","pk":{"link_id":false,"link_type":"1","language_code":"de","store_id":1},"diff":{"link_id":{"old":"","new":false},"url_md5":{"old":null,"new":"e26a5a4a1ff448d49f6ad1465e4857e5"},"url_text":{"old":null,"new":"de\/abzweig-stbp-152-076-verzinkt"}}}
{"ts":"2026-03-31T17:02:40+00:00","pk":{"link_id":false,"link_type":"1","language_code":"de","store_id":1},"diff":{"link_id":{"old":"","new":false},"url_md5":{"old":null,"new":"34d6904655868b18eabcf173eb7df928"},"url_text":{"old":null,"new":"de\/abzweig-stbp-152-102-verzinkt"}}}
{"ts":"2026-03-31T17:02:40+00:00","pk":{"link_id":false,"link_type":"1","language_code":"de","store_id":1},"diff":{"link_id":{"old":"","new":false},"url_md5":{"old":null,"new":"e09d92e29d6396d304baf424bd60396d"},"url_text":{"old":null,"new":"de\/abzweig-stbp-152-108-verzinkt"}}}
{"ts":"2026-03-31T17:02:40+00:00","pk":{"link_id":false,"link_type":"1","language_code":"de","store_id":1},"diff":{"link_id":{"old":"","new":false},"url_md5":{"old":null,"new":"10c0145d930f83d1a8052ad3b75b7bf8"},"url_text":{"old":null,"new":"de\/abzweig-stbp-152-127-verzinkt"}}}
{"ts":"2026-03-31T17:02:40+00:00","pk":{"link_id":false,"link_type":"1","language_code":"de","store_id":1},"diff":{"link_id":{"old":"","new":false},"url_md5":{"old":null,"new":"e3ba9b003d4c104468bf35791c2c1ad7"},"url_text":{"old":null,"new":"de\/abzweig-stbp-152-152-verzinkt"}}}
{"ts":"2026-03-31T17:02:40+00:00","pk":{"link_id":false,"link_type":"1","language_code":"de","store_id":1},"diff":{"link_id":{"old":"","new":false},"url_md5":{"old":null,"new":"864c4160b19d9aa7cace0584eb68a759"},"url_text":{"old":null,"new":"de\/konus-gaco-nw100-080-verzinkt"}}}
{"ts":"2026-03-31T17:02:40+00:00","pk":{"link_id":false,"link_type":"1","language_code":"de","store_id":1},"diff":{"link_id":{"old":"","new":false},"url_md5":{"old":null,"new":"76f5a30884fb180861f2a62d6749c257"},"url_text":{"old":null,"new":"de\/konus-gaco-nw120-080-verzinkt"}}}
{"ts":"2026-03-31T17:02:40+00:00","pk":{"link_id":false,"link_type":"1","language_code":"de","store_id":1},"diff":{"link_id":{"old":"","new":false},"url_md5":{"old":null,"new":"48b203654371d0cea1c7564338bfa405"},"url_text":{"old":null,"new":"de\/konus-gaco-nw120-100-verzinkt"}}}
{"ts":"2026-03-31T17:02:40+00:00","pk":{"link_id":false,"link_type":"1","language_code":"de","store_id":1},"diff":{"link_id":{"old":"","new":false},"url_md5":{"old":null,"new":"10921ea42bb6358268e813139ef4a6b8"},"url_text":{"old":null,"new":"de\/konus-gaco-nw125-080-verzinkt"}}}
{"ts":"2026-03-31T17:02:40+00:00","pk":{"link_id":false,"link_type":"1","language_code":"de","store_id":1},"diff":{"link_id":{"old":"","new":false},"url_md5":{"old":null,"new":"8031d5dd614bae70e41a5688c542a826"},"url_text":{"old":null,"new":"de\/konus-gaco-nw125-100-verzinkt"}}}
{"ts":"2026-03-31T17:02:40+00:00","pk":{"link_id":false,"link_type":"1","language_code":"de","store_id":1},"diff":{"link_id":{"old":"","new":false},"url_md5":{"old":null,"new":"be787ddb3d166cfd852c05b68936a9fa"},"url_text":{"old":null,"new":"de\/konus-gaco-nw125-120-verzinkt"}}}
{"ts":"2026-03-31T17:02:40+00:00","pk":{"link_id":false,"link_type":"1","language_code":"de","store_id":1},"diff":{"link_id":{"old":"","new":false},"url_md5":{"old":null,"new":"474bd45196f97bba67f7a84e1188f233"},"url_text":{"old":null,"new":"de\/konus-gaco-nw140-100-verzinkt"}}}
{"ts":"2026-03-31T17:02:40+00:00","pk":{"link_id":false,"link_type":"1","language_code":"de","store_id":1},"diff":{"link_id":{"old":"","new":false},"url_md5":{"old":null,"new":"e071a02ab5c537765a7a873d11d8b69d"},"url_text":{"old":null,"new":"de\/konus-gaco-nw140-120-verzinkt"}}}
{"ts":"2026-03-31T17:02:40+00:00","pk":{"link_id":false,"link_type":"1","language_code":"de","store_id":1},"diff":{"link_id":{"old":"","new":false},"url_md5":{"old":null,"new":"635b94d79a76f995466e993aa5a945dc"},"url_text":{"old":null,"new":"de\/konus-gaco-nw140-125-verzinkt"}}}
{"ts":"2026-03-31T17:02:40+00:00","pk":{"link_id":false,"link_type":"1","language_code":"de","store_id":1},"diff":{"link_id":{"old":"","new":false},"url_md5":{"old":null,"new":"56f065a051dbdde96cda04be2ce9d8d9"},"url_text":{"old":null,"new":"de\/konus-gaco-nw150-120-verzinkt"}}}
{"ts":"2026-03-31T17:02:40+00:00","pk":{"link_id":false,"link_type":"1","language_code":"de","store_id":1},"diff":{"link_id":{"old":"","new":false},"url_md5":{"old":null,"new":"b6b447074160775877bed0faf64741c1"},"url_text":{"old":null,"new":"de\/konus-gaco-nw150-125-verzinkt"}}}
{"ts":"2026-03-31T17:02:40+00:00","pk":{"link_id":false,"link_type":"1","language_code":"de","store_id":1},"diff":{"link_id":{"old":"","new":false},"url_md5":{"old":null,"new":"af48f5dd40c5b4d3b3acb433d503985d"},"url_text":{"old":null,"new":"de\/konus-gaco-nw160-120-verzinkt"}}}
{"ts":"2026-03-31T17:02:40+00:00","pk":{"link_id":false,"link_type":"1","language_code":"de","store_id":1},"diff":{"link_id":{"old":"","new":false},"url_md5":{"old":null,"new":"5aebc4bce4a0ef996818fab83121f4e9"},"url_text":{"old":null,"new":"de\/konus-gaco-nw160-125-verzinkt"}}}
{"ts":"2026-03-31T17:02:40+00:00","pk":{"link_id":false,"link_type":"1","language_code":"de","store_id":1},"diff":{"link_id":{"old":"","new":false},"url_md5":{"old":null,"new":"19feae307b99688f92c22429a4eebfa6"},"url_text":{"old":null,"new":"de\/konus-gaco-nw160-150-verzinkt"}}}
{"ts":"2026-03-31T17:02:40+00:00","pk":{"link_id":false,"link_type":"1","language_code":"de","store_id":1},"diff":{"link_id":{"old":"","new":false},"url_md5":{"old":null,"new":"2c7f05708285cefcfe4cd3770d9f150e"},"url_text":{"old":null,"new":"de\/konus-gaco-nw180-120-verzinkt"}}}
{"ts":"2026-03-31T17:02:40+00:00","pk":{"link_id":false,"link_type":"1","language_code":"de","store_id":1},"diff":{"link_id":{"old":"","new":false},"url_md5":{"old":null,"new":"8014b30ae070175be33c59652eb5b7ba"},"url_text":{"old":null,"new":"de\/konus-gaco-nw180-160-verzinkt"}}}
{"ts":"2026-03-31T17:02:40+00:00","pk":{"link_id":false,"link_type":"1","language_code":"de","store_id":1},"diff":{"link_id":{"old":"","new":false},"url_md5":{"old":null,"new":"fdecc13e8d3e5c9c8f4bcfe4130840b9"},"url_text":{"old":null,"new":"de\/konus-gaco-nw200-125-verzinkt"}}}
{"ts":"2026-03-31T17:02:40+00:00","pk":{"link_id":false,"link_type":"1","language_code":"de","store_id":1},"diff":{"link_id":{"old":"","new":false},"url_md5":{"old":null,"new":"4f3a962b18588b5fb185c408b434183a"},"url_text":{"old":null,"new":"de\/konus-gaco-nw225-200-verzinkt"}}}
{"ts":"2026-03-31T17:02:40+00:00","pk":{"link_id":false,"link_type":"1","language_code":"de","store_id":1},"diff":{"link_id":{"old":"","new":false},"url_md5":{"old":null,"new":"c30e2c6264a0810b24a4622844c1392f"},"url_text":{"old":null,"new":"de\/konus-gaco-nw250-160-verzinkt"}}}
{"ts":"2026-03-31T17:02:40+00:00","pk":{"link_id":false,"link_type":"1","language_code":"de","store_id":1},"diff":{"link_id":{"old":"","new":false},"url_md5":{"old":null,"new":"cfb560ade557001ce5f27b48108a5b9b"},"url_text":{"old":null,"new":"de\/konus-gaco-nw250-180-verzinkt"}}}
{"ts":"2026-03-31T17:02:40+00:00","pk":{"link_id":false,"link_type":"1","language_code":"de","store_id":1},"diff":{"link_id":{"old":"","new":false},"url_md5":{"old":null,"new":"259b16181764ff909960c018691baeff"},"url_text":{"old":null,"new":"de\/konus-gaco-nw250-200-verzinkt"}}}
{"ts":"2026-03-31T17:02:40+00:00","pk":{"link_id":false,"link_type":"1","language_code":"de","store_id":1},"diff":{"link_id":{"old":"","new":false},"url_md5":{"old":null,"new":"e167ccc0e6f592d2ec68d7c19ae6af80"},"url_text":{"old":null,"new":"de\/konus-gaco-nw250-225-verzinkt"}}}
{"ts":"2026-03-31T17:02:40+00:00","pk":{"link_id":false,"link_type":"1","language_code":"de","store_id":1},"diff":{"link_id":{"old":"","new":false},"url_md5":{"old":null,"new":"2477701b1e4029b8cb70b59d917d07aa"},"url_text":{"old":null,"new":"de\/konus-gaco-nw300-250-verzinkt"}}}
{"ts":"2026-03-31T17:02:40+00:00","pk":{"link_id":false,"link_type":"1","language_code":"de","store_id":1},"diff":{"link_id":{"old":"","new":false},"url_md5":{"old":null,"new":"c58ae580c5b6b3bea1a3c000258205eb"},"url_text":{"old":null,"new":"de\/konus-gaco-nw315-250-verzinkt"}}}
{"ts":"2026-03-31T17:02:40+00:00","pk":{"link_id":false,"link_type":"1","language_code":"de","store_id":1},"diff":{"link_id":{"old":"","new":false},"url_md5":{"old":null,"new":"9f5ba7717849e6a255fbb19203e554fc"},"url_text":{"old":null,"new":"de\/konus-gaco-nw315-300-verzinkt"}}}
{"ts":"2026-03-31T17:02:40+00:00","pk":{"link_id":false,"link_type":"1","language_code":"de","store_id":1},"diff":{"link_id":{"old":"","new":false},"url_md5":{"old":null,"new":"a9cf9e0b327841057fe990b92c4112c0"},"url_text":{"old":null,"new":"de\/konus-gaco-nw150-140-verzinkt"}}}
{"ts":"2026-03-31T17:02:40+00:00","pk":{"link_id":false,"link_type":"1","language_code":"de","store_id":1},"diff":{"link_id":{"old":"","new":false},"url_md5":{"old":null,"new":"f7246ae5f44533c6c4ca779d16826197"},"url_text":{"old":null,"new":"de\/konus-gaco-nw160-140-verzinkt"}}}
{"ts":"2026-03-31T17:02:40+00:00","pk":{"link_id":false,"link_type":"1","language_code":"de","store_id":1},"diff":{"link_id":{"old":"","new":false},"url_md5":{"old":null,"new":"d47963ce6391f4448779d53fdb73c8c5"},"url_text":{"old":null,"new":"de\/konus-gaco-nw180-140-verzinkt"}}}
{"ts":"2026-03-31T17:02:40+00:00","pk":{"link_id":false,"link_type":"1","language_code":"de","store_id":1},"diff":{"link_id":{"old":"","new":false},"url_md5":{"old":null,"new":"5f47117538de4e9395556eae68c170eb"},"url_text":{"old":null,"new":"de\/konus-gaco-nw200-180-verzinkt"}}}
{"ts":"2026-03-31T17:02:40+00:00","pk":{"link_id":false,"link_type":"1","language_code":"de","store_id":1},"diff":{"link_id":{"old":"","new":false},"url_md5":{"old":null,"new":"e29fd107f9f5250b39f3f50d5227e2cb"},"url_text":{"old":null,"new":"de\/konus-gaco-nw200-160-verzinkt"}}}
{"ts":"2026-03-31T17:02:40+00:00","pk":{"link_id":false,"link_type":"1","language_code":"de","store_id":1},"diff":{"link_id":{"old":"","new":false},"url_md5":{"old":null,"new":"ce9056e631e7cd22c0b672c14b686369"},"url_text":{"old":null,"new":"de\/konus-gaco-nw200-140-verzinkt"}}}
{"ts":"2026-03-31T17:02:40+00:00","pk":{"link_id":false,"link_type":"1","language_code":"de","store_id":1},"diff":{"link_id":{"old":"","new":false},"url_md5":{"old":null,"new":"fd260ded2766917df6309f9a5e6a305f"},"url_text":{"old":null,"new":"de\/konus-gaco-nw300-280-verzinkt"}}}
{"ts":"2026-03-31T17:02:40+00:00","pk":{"link_id":false,"link_type":"1","language_code":"de","store_id":1},"diff":{"link_id":{"old":"","new":false},"url_md5":{"old":null,"new":"2eb4f6a92370e2731d38f12a61868122"},"url_text":{"old":null,"new":"de\/konus-gaco-nw250-100-verzinkt"}}}
{"ts":"2026-03-31T17:02:40+00:00","pk":{"link_id":false,"link_type":"1","language_code":"de","store_id":1},"diff":{"link_id":{"old":"","new":false},"url_md5":{"old":null,"new":"1cc20ff0aea4604b4436f358f2cb3fe0"},"url_text":{"old":null,"new":"de\/hose-gatp-nw080-80-80-verzinkt"}}}
{"ts":"2026-03-31T17:02:40+00:00","pk":{"link_id":false,"link_type":"1","language_code":"de","store_id":1},"diff":{"link_id":{"old":"","new":false},"url_md5":{"old":null,"new":"73be698eec8e308ece019156d5919f10"},"url_text":{"old":null,"new":"de\/hose-gatp-nw100-100-100-verzinkt"}}}
{"ts":"2026-03-31T17:02:40+00:00","pk":{"link_id":false,"link_type":"1","language_code":"de","store_id":1},"diff":{"link_id":{"old":"","new":false},"url_md5":{"old":null,"new":"43e9f900b1b71e3bcf9130fed449c90e"},"url_text":{"old":null,"new":"de\/teleskoprohr-gapt-nw100-verzinkt"}}}
{"ts":"2026-03-31T17:02:40+00:00","pk":{"link_id":false,"link_type":"1","language_code":"de","store_id":1},"diff":{"link_id":{"old":"","new":false},"url_md5":{"old":null,"new":"9ced484d40f913ba187babbd3408b63b"},"url_text":{"old":null,"new":"de\/konus-m-schlauchan-gach-nw100-080-verzinkt"}}}
{"ts":"2026-03-31T17:02:40+00:00","pk":{"link_id":false,"link_type":"1","language_code":"de","store_id":1},"diff":{"link_id":{"old":"","new":false},"url_md5":{"old":null,"new":"cbe610043ffef2f1d52ee2823c45d792"},"url_text":{"old":null,"new":"de\/konus-m-schlauchan-gach-nw100-060-verzinkt"}}}
{"ts":"2026-03-31T17:02:40+00:00","pk":{"link_id":false,"link_type":"1","language_code":"de","store_id":1},"diff":{"link_id":{"old":"","new":false},"url_md5":{"old":null,"new":"c98411905d568d719659e00ff538eaf2"},"url_text":{"old":null,"new":"de\/konus-m-schlauchan-gach-nw100-050-verzinkt"}}}
{"ts":"2026-03-31T17:02:40+00:00","pk":{"link_id":false,"link_type":"1","language_code":"de","store_id":1},"diff":{"link_id":{"old":"","new":false},"url_md5":{"old":null,"new":"cc0b22df25c365f67d844ae6e4039784"},"url_text":{"old":null,"new":"de\/konus-m-schlauchan-gach-nw080-050-verzinkt"}}}
{"ts":"2026-03-31T17:02:40+00:00","pk":{"link_id":false,"link_type":"1","language_code":"de","store_id":1},"diff":{"link_id":{"old":"","new":false},"url_md5":{"old":null,"new":"3b3eefab1a7742df985766cb9e4a6802"},"url_text":{"old":null,"new":"de\/konus-m-schlauchan-gach-nw080-060-verzinkt"}}}
{"ts":"2026-03-31T17:02:40+00:00","pk":{"link_id":false,"link_type":"1","language_code":"de","store_id":1},"diff":{"link_id":{"old":"","new":false},"url_md5":{"old":null,"new":"ac7e4bfcab6f7a1ee06733849b04bb86"},"url_text":{"old":null,"new":"de\/teleskoprohr-gapt-nw120-verzinkt"}}}
{"ts":"2026-03-31T17:02:40+00:00","pk":{"link_id":false,"link_type":"1","language_code":"de","store_id":1},"diff":{"link_id":{"old":"","new":false},"url_md5":{"old":null,"new":"1298fc973808e3f4241e1def5359dd0b"},"url_text":{"old":null,"new":"de\/teleskoprohr-gapt-nw125-verzinkt"}}}
{"ts":"2026-03-31T17:02:40+00:00","pk":{"link_id":false,"link_type":"1","language_code":"de","store_id":1},"diff":{"link_id":{"old":"","new":false},"url_md5":{"old":null,"new":"1edd35b7b79d34cc428b614e65e3273a"},"url_text":{"old":null,"new":"de\/teleskoprohr-gapt-nw140-verzinkt"}}}
{"ts":"2026-03-31T17:02:40+00:00","pk":{"link_id":false,"link_type":"1","language_code":"de","store_id":1},"diff":{"link_id":{"old":"","new":false},"url_md5":{"old":null,"new":"1dc751d8509469fa610860158f152f66"},"url_text":{"old":null,"new":"de\/teleskoprohr-gapt-nw160-verzinkt"}}}
{"ts":"2026-03-31T17:02:40+00:00","pk":{"link_id":false,"link_type":"1","language_code":"de","store_id":1},"diff":{"link_id":{"old":"","new":false},"url_md5":{"old":null,"new":"f3841ee15439d0964d833e91093bd59a"},"url_text":{"old":null,"new":"de\/teleskoprohr-gapt-nw160-verz"}}}
